{"uuid":"bc7787ac-904e-4dca-8b16-727e9a0bbff0","historyId":"6b7ea802f270a66d4a5a510df6f92f0a","fullName":"Test Signup functionality: Signup with valid data","labels":[{"name":"tag","value":"Demo"},{"name":"host","value":"DESKTOP-7D545J7"},{"name":"thread","value":"8124@DESKTOP-7D545J7.TestNG-PoolService-1(27)"},{"name":"feature","value":"Test Signup functionality"},{"name":"story","value":"Signup with valid data"},{"name":"suite","value":"Test Signup functionality"},{"name":"testClass","value":"Signup with valid data"},{"name":"framework","value":"cucumber4jvm"},{"name":"language","value":"java"},{"name":"gherkin_uri","value":"file:///D:/Java_Selenium/Demoblaze_Cucumber_Java_Allure/src/test/java/features/SignupPage.feature"},{"name":"package","value":"src.test.java.features.SignupPage_feature.Test Signup functionality"}],"links":[],"name":"Signup with valid data","status":"failed","statusDetails":{"known":false,"muted":false,"flaky":false,"message":"expected [Sign up successful.] but found [This user already exist.]","trace":"java.lang.AssertionError: expected [Sign up successful.] but found [This user already exist.]\r\n\tat org.testng.Assert.fail(Assert.java:99)\r\n\tat org.testng.Assert.failNotEquals(Assert.java:1037)\r\n\tat org.testng.Assert.assertEqualsImpl(Assert.java:140)\r\n\tat org.testng.Assert.assertEquals(Assert.java:122)\r\n\tat org.testng.Assert.assertEquals(Assert.java:629)\r\n\tat org.testng.Assert.assertEquals(Assert.java:639)\r\n\tat stepDefinitions.signup.SignupSteps.confirmationAlertShouldBeDisplayed(SignupSteps.java:73)\r\n\tat ✽.Confirmation alert should be displayed(file:///D:/Java_Selenium/Demoblaze_Cucumber_Java_Allure/src/test/java/features/SignupPage.feature:14)\r\n"},"stage":"finished","steps":[{"name":"Given  User opens chrome browser and navigates to the url","status":"passed","statusDetails":{"known":false,"muted":false,"flaky":false},"stage":"finished","steps":[],"attachments":[],"parameters":[],"start":1666331643520,"stop":1666331648466},{"name":"Then  Signup tab should be displayed at the nav bar","status":"passed","statusDetails":{"known":false,"muted":false,"flaky":false},"stage":"finished","steps":[],"attachments":[],"parameters":[],"start":1666331648466,"stop":1666331648496},{"name":"When  User clicks on Signup tab from nav bar","status":"passed","statusDetails":{"known":false,"muted":false,"flaky":false},"stage":"finished","steps":[],"attachments":[],"parameters":[],"start":1666331648496,"stop":1666331648532},{"name":"Then  Signup form should be loaded","status":"passed","statusDetails":{"known":false,"muted":false,"flaky":false},"stage":"finished","steps":[],"attachments":[],"parameters":[],"start":1666331648533,"stop":1666331649069},{"name":"And  Username input field should be displayed","status":"passed","statusDetails":{"known":false,"muted":false,"flaky":false},"stage":"finished","steps":[],"attachments":[],"parameters":[],"start":1666331649069,"stop":1666331649091},{"name":"And  Password input field should be displayed","status":"passed","statusDetails":{"known":false,"muted":false,"flaky":false},"stage":"finished","steps":[],"attachments":[],"parameters":[],"start":1666331649091,"stop":1666331649112},{"name":"When  User enters username into the \"Test_User_1234523223\" field","status":"passed","statusDetails":{"known":false,"muted":false,"flaky":false},"stage":"finished","steps":[],"attachments":[],"parameters":[],"start":1666331649112,"stop":1666331649155},{"name":"And  User enters password into the \"abcd123\" field","status":"passed","statusDetails":{"known":false,"muted":false,"flaky":false},"stage":"finished","steps":[],"attachments":[],"parameters":[],"start":1666331649155,"stop":1666331649192},{"name":"And  Clicks on Sign up button","status":"passed","statusDetails":{"known":false,"muted":false,"flaky":false},"stage":"finished","steps":[],"attachments":[],"parameters":[],"start":1666331649193,"stop":1666331651761},{"name":"Then  Confirmation alert should be displayed","status":"failed","statusDetails":{"known":false,"muted":false,"flaky":false,"message":"expected [Sign up successful.] but found [This user already exist.]","trace":"java.lang.AssertionError: expected [Sign up successful.] but found [This user already exist.]\r\n\tat org.testng.Assert.fail(Assert.java:99)\r\n\tat org.testng.Assert.failNotEquals(Assert.java:1037)\r\n\tat org.testng.Assert.assertEqualsImpl(Assert.java:140)\r\n\tat org.testng.Assert.assertEquals(Assert.java:122)\r\n\tat org.testng.Assert.assertEquals(Assert.java:629)\r\n\tat org.testng.Assert.assertEquals(Assert.java:639)\r\n\tat stepDefinitions.signup.SignupSteps.confirmationAlertShouldBeDisplayed(SignupSteps.java:73)\r\n\tat ✽.Confirmation alert should be displayed(file:///D:/Java_Selenium/Demoblaze_Cucumber_Java_Allure/src/test/java/features/SignupPage.feature:14)\r\n"},"stage":"finished","steps":[],"attachments":[],"parameters":[],"start":1666331651761,"stop":1666331652775}],"attachments":[],"parameters":[{"name":"Username","value":"Test_User_1234523223"},{"name":"Password","value":"abcd123"}],"start":1666331643520,"stop":1666331652913}